#
# A fatal error has been detected by the Java Runtime Environment:
#
#  Internal Error (classFileParser.cpp:3494), pid=10974, tid=3061054272
#  Error: ShouldNotReachHere()
#
# JRE version: 6.0_24-b24
# Java VM: OpenJDK Server VM (20.0-b12 mixed mode linux-x86 )
# Derivative: IcedTea6 1.11.4
# Distribution: Ubuntu 12.04 LTS, package 6b24-1.11.4-1ubuntu0.12.04.1
# If you would like to submit a bug report, please include
# instructions how to reproduce the bug and visit:
#   https://bugs.launchpad.net/ubuntu/+source/openjdk-6/
#

---------------  T H R E A D  ---------------

Current thread (0xb6505400):  JavaThread "Unknown thread" [_thread_in_vm, id=10979, stack(0xb66ef000,0xb6740000)]

Stack: [0xb66ef000,0xb6740000]
[error occurred during error reporting (printing stack bounds), id 0xb]


[error occurred during error reporting (printing native stack), id 0xb]


---------------  P R O C E S S  ---------------

Java Threads: ( => current thread )

Other Threads:

=>0xb6505400 (exited) JavaThread "Unknown thread" [_thread_in_vm, id=10979, stack(0xb66ef000,0xb6740000)]

VM state:not at safepoint (not fully initialized)

VM Mutex/Monitor currently owned by a thread: None

Dynamic libraries:
08048000-08051000 r-xp 00000000 08:05 403959     /usr/lib/jvm/java-6-openjdk-i386/jre/bin/java
08051000-08052000 r--p 00008000 08:05 403959     /usr/lib/jvm/java-6-openjdk-i386/jre/bin/java
08052000-08053000 rw-p 00009000 08:05 403959     /usr/lib/jvm/java-6-openjdk-i386/jre/bin/java
087a6000-087c7000 rw-p 00000000 00:00 0          [heap]
6ea3e000-6eb00000 r--s 010c7000 08:05 2236669    /home/nithin/android-sdks/platforms/android-16/android.jar
6eb00000-6eb21000 rw-p 00000000 00:00 0 
6eb21000-6ec00000 ---p 00000000 00:00 0 
6ec7f000-6ec80000 ---p 00000000 00:00 0 
6ec80000-6ed00000 rw-p 00000000 00:00 0 
6ed00000-6ed21000 rw-p 00000000 00:00 0 
6ed21000-6ee00000 ---p 00000000 00:00 0 
6ee7f000-6ee80000 ---p 00000000 00:00 0 
6ee80000-6ef00000 rw-p 00000000 00:00 0 
6ef00000-6ef21000 rw-p 00000000 00:00 0 
6ef21000-6f000000 ---p 00000000 00:00 0 
6f07f000-6f080000 ---p 00000000 00:00 0 
6f080000-6f100000 rw-p 00000000 00:00 0 
6f100000-6f121000 rw-p 00000000 00:00 0 
6f121000-6f200000 ---p 00000000 00:00 0 
6f25f000-6f260000 ---p 00000000 00:00 0 
6f260000-6f2f4000 rw-p 00000000 00:00 0 
6f2f4000-6f420000 rw-p 00000000 00:00 0 
6f420000-6f428000 rw-p 00000000 00:00 0 
6f428000-6f460000 rw-p 00000000 00:00 0 
6f460000-6f474000 rw-p 00000000 00:00 0 
6f474000-6f59f000 rw-p 00000000 00:00 0 
6f59f000-6f5aa000 rw-p 00000000 00:00 0 
6f5aa000-6f63f000 rw-p 00000000 00:00 0 
6f63f000-70640000 rw-p 00000000 00:00 0 
70640000-77640000 rw-p 00000000 00:00 0 
77640000-79e20000 rw-p 00000000 00:00 0 
79e20000-9f4f0000 rw-p 00000000 00:00 0 
9f4f0000-a08e0000 rw-p 00000000 00:00 0 
a08e0000-b3440000 rw-p 00000000 00:00 0 
b3440000-b3449000 rw-p 00000000 00:00 0 
b3449000-b3500000 rw-p 00000000 00:00 0 
b3500000-b3740000 rwxp 00000000 00:00 0 
b3740000-b6563000 rw-p 00000000 00:00 0 
b6563000-b6600000 ---p 00000000 00:00 0 
b662b000-b6633000 rw-p 00000000 00:00 0 
b6633000-b666b000 rw-p 00000000 00:00 0 
b666b000-b6676000 r-xp 00000000 08:05 263122     /lib/i386-linux-gnu/libnss_files-2.15.so
b6676000-b6677000 r--p 0000a000 08:05 263122     /lib/i386-linux-gnu/libnss_files-2.15.so
b6677000-b6678000 rw-p 0000b000 08:05 263122     /lib/i386-linux-gnu/libnss_files-2.15.so
b6678000-b6682000 r-xp 00000000 08:05 263126     /lib/i386-linux-gnu/libnss_nis-2.15.so
b6682000-b6683000 r--p 00009000 08:05 263126     /lib/i386-linux-gnu/libnss_nis-2.15.so
b6683000-b6684000 rw-p 0000a000 08:05 263126     /lib/i386-linux-gnu/libnss_nis-2.15.so
b6684000-b669a000 r-xp 00000000 08:05 263116     /lib/i386-linux-gnu/libnsl-2.15.so
b669a000-b669b000 r--p 00015000 08:05 263116     /lib/i386-linux-gnu/libnsl-2.15.so
b669b000-b669c000 rw-p 00016000 08:05 263116     /lib/i386-linux-gnu/libnsl-2.15.so
b669c000-b669e000 rw-p 00000000 00:00 0 
b669e000-b66a5000 r-xp 00000000 08:05 263118     /lib/i386-linux-gnu/libnss_compat-2.15.so
b66a5000-b66a6000 r--p 00006000 08:05 263118     /lib/i386-linux-gnu/libnss_compat-2.15.so
b66a6000-b66a7000 rw-p 00007000 08:05 263118     /lib/i386-linux-gnu/libnss_compat-2.15.so
b66ac000-b66b3000 r-xp 00000000 08:05 403996     /usr/lib/jvm/java-6-openjdk-i386/jre/lib/i386/libzip.so
b66b3000-b66b4000 r--p 00006000 08:05 403996     /usr/lib/jvm/java-6-openjdk-i386/jre/lib/i386/libzip.so
b66b4000-b66b5000 rw-p 00007000 08:05 403996     /usr/lib/jvm/java-6-openjdk-i386/jre/lib/i386/libzip.so
b66b5000-b66bd000 rw-s 00000000 08:05 2244792    /tmp/hsperfdata_nithin/10974
b66bd000-b66e3000 r-xp 00000000 08:05 403991     /usr/lib/jvm/java-6-openjdk-i386/jre/lib/i386/libjava.so
b66e3000-b66e4000 r--p 00025000 08:05 403991     /usr/lib/jvm/java-6-openjdk-i386/jre/lib/i386/libjava.so
b66e4000-b66e6000 rw-p 00026000 08:05 403991     /usr/lib/jvm/java-6-openjdk-i386/jre/lib/i386/libjava.so
b66e6000-b66ed000 r-xp 00000000 08:05 263157     /lib/i386-linux-gnu/librt-2.15.so
b66ed000-b66ee000 r--p 00006000 08:05 263157     /lib/i386-linux-gnu/librt-2.15.so
b66ee000-b66ef000 rw-p 00007000 08:05 263157     /lib/i386-linux-gnu/librt-2.15.so
b66ef000-b66f2000 ---p 00000000 00:00 0 
b66f2000-b6740000 rw-p 00000000 00:00 0 
b6740000-b675c000 r-xp 00000000 08:05 263092     /lib/i386-linux-gnu/libgcc_s.so.1
b675c000-b675d000 r--p 0001b000 08:05 263092     /lib/i386-linux-gnu/libgcc_s.so.1
b675d000-b675e000 rw-p 0001c000 08:05 263092     /lib/i386-linux-gnu/libgcc_s.so.1
b675e000-b6788000 r-xp 00000000 08:05 263103     /lib/i386-linux-gnu/libm-2.15.so
b6788000-b6789000 r--p 00029000 08:05 263103     /lib/i386-linux-gnu/libm-2.15.so
b6789000-b678a000 rw-p 0002a000 08:05 263103     /lib/i386-linux-gnu/libm-2.15.so
b678a000-b6862000 r-xp 00000000 08:05 399375     /usr/lib/i386-linux-gnu/libstdc++.so.6.0.16
b6862000-b6863000 ---p 000d8000 08:05 399375     /usr/lib/i386-linux-gnu/libstdc++.so.6.0.16
b6863000-b6867000 r--p 000d8000 08:05 399375     /usr/lib/i386-linux-gnu/libstdc++.so.6.0.16
b6867000-b6868000 rw-p 000dc000 08:05 399375     /usr/lib/i386-linux-gnu/libstdc++.so.6.0.16
b6868000-b686f000 rw-p 00000000 00:00 0 
b686f000-b708d000 r-xp 00000000 08:05 404010     /usr/lib/jvm/java-6-openjdk-i386/jre/lib/i386/server/libjvm.so
b708d000-b70d2000 r--p 0081e000 08:05 404010     /usr/lib/jvm/java-6-openjdk-i386/jre/lib/i386/server/libjvm.so
b70d2000-b70e1000 rw-p 00863000 08:05 404010     /usr/lib/jvm/java-6-openjdk-i386/jre/lib/i386/server/libjvm.so
b70e1000-b74fd000 rw-p 00000000 00:00 0 
b74fd000-b7511000 r-xp 00000000 08:05 263182     /lib/i386-linux-gnu/libz.so.1.2.3.4
b7511000-b7512000 r--p 00013000 08:05 263182     /lib/i386-linux-gnu/libz.so.1.2.3.4
b7512000-b7513000 rw-p 00014000 08:05 263182     /lib/i386-linux-gnu/libz.so.1.2.3.4
b7513000-b76b2000 r-xp 00000000 08:05 263071     /lib/i386-linux-gnu/libc-2.15.so
b76b2000-b76b4000 r--p 0019f000 08:05 263071     /lib/i386-linux-gnu/libc-2.15.so
b76b4000-b76b5000 rw-p 001a1000 08:05 263071     /lib/i386-linux-gnu/libc-2.15.so
b76b5000-b76b8000 rw-p 00000000 00:00 0 
b76b8000-b76bb000 r-xp 00000000 08:05 263084     /lib/i386-linux-gnu/libdl-2.15.so
b76bb000-b76bc000 r--p 00002000 08:05 263084     /lib/i386-linux-gnu/libdl-2.15.so
b76bc000-b76bd000 rw-p 00003000 08:05 263084     /lib/i386-linux-gnu/libdl-2.15.so
b76bd000-b76c1000 r-xp 00000000 08:05 404000     /usr/lib/jvm/java-6-openjdk-i386/jre/lib/i386/jli/libjli.so
b76c1000-b76c2000 r--p 00003000 08:05 404000     /usr/lib/jvm/java-6-openjdk-i386/jre/lib/i386/jli/libjli.so
b76c2000-b76c3000 rw-p 00004000 08:05 404000     /usr/lib/jvm/java-6-openjdk-i386/jre/lib/i386/jli/libjli.so
b76c3000-b76c4000 rw-p 00000000 00:00 0 
b76c4000-b76db000 r-xp 00000000 08:05 263151     /lib/i386-linux-gnu/libpthread-2.15.so
b76db000-b76dc000 r--p 00016000 08:05 263151     /lib/i386-linux-gnu/libpthread-2.15.so
b76dc000-b76dd000 rw-p 00017000 08:05 263151     /lib/i386-linux-gnu/libpthread-2.15.so
b76dd000-b76df000 rw-p 00000000 00:00 0 
b76e5000-b76e6000 rw-p 00000000 00:00 0 
b76e6000-b76e7000 r--p 00000000 00:00 0 
b76e7000-b76f2000 r-xp 00000000 08:05 404019     /usr/lib/jvm/java-6-openjdk-i386/jre/lib/i386/libverify.so
b76f2000-b76f3000 ---p 0000b000 08:05 404019     /usr/lib/jvm/java-6-openjdk-i386/jre/lib/i386/libverify.so
b76f3000-b76f4000 r--p 0000b000 08:05 404019     /usr/lib/jvm/java-6-openjdk-i386/jre/lib/i386/libverify.so
b76f4000-b76f5000 rw-p 0000c000 08:05 404019     /usr/lib/jvm/java-6-openjdk-i386/jre/lib/i386/libverify.so
b76f5000-b76f7000 rw-p 00000000 00:00 0 
b76f7000-b76f8000 r-xp 00000000 00:00 0          [vdso]
b76f8000-b7718000 r-xp 00000000 08:05 263051     /lib/i386-linux-gnu/ld-2.15.so
b7718000-b7719000 r--p 0001f000 08:05 263051     /lib/i386-linux-gnu/ld-2.15.so
b7719000-b771a000 rw-p 00020000 08:05 263051     /lib/i386-linux-gnu/ld-2.15.so
bfa5c000-bfa7d000 rw-p 00000000 00:00 0          [stack]

VM Arguments:
jvm_args: -Dfile.encoding=UTF-8 -Xbootclasspath:/home/nithin/android-sdks/platforms/android-16/android.jar 
java_command: com.shadowfax.apps.securesms.rsa.RSA
Launcher Type: SUN_STANDARD

Environment Variables:
PATH=/usr/lib/lightdm/lightdm:/usr/local/sbin:/usr/local/bin:/usr/sbin:/usr/bin:/sbin:/bin:/usr/games
LD_LIBRARY_PATH=/usr/lib/jvm/java-6-openjdk-i386/jre/lib/i386/server:/usr/lib/jvm/java-6-openjdk-i386/jre/lib/i386:/usr/lib/jvm/java-6-openjdk-i386/jre/../lib/i386:/usr/lib/jvm/java-6-openjdk-i386/jre/lib/i386/client:/usr/lib/jvm/java-6-openjdk-i386/jre/lib/i386:
SHELL=/bin/bash
DISPLAY=:0

Signal Handlers:
SIGSEGV: [libjvm.so+0x66a270], sa_mask[0]=0x7ffbfeff, sa_flags=0x10000004
SIGBUS: [libjvm.so+0x66a270], sa_mask[0]=0x7ffbfeff, sa_flags=0x10000004
SIGFPE: [libjvm.so+0x52e160], sa_mask[0]=0x7ffbfeff, sa_flags=0x10000004
SIGPIPE: [libjvm.so+0x52e160], sa_mask[0]=0x7ffbfeff, sa_flags=0x10000004
SIGXFSZ: [libjvm.so+0x52e160], sa_mask[0]=0x7ffbfeff, sa_flags=0x10000004
SIGILL: [libjvm.so+0x52e160], sa_mask[0]=0x7ffbfeff, sa_flags=0x10000004
SIGUSR1: SIG_DFL, sa_mask[0]=0x00000000, sa_flags=0x00000000
SIGUSR2: [libjvm.so+0x52dff0], sa_mask[0]=0x00000004, sa_flags=0x10000004
SIGHUP: SIG_DFL, sa_mask[0]=0x00000000, sa_flags=0x00000000
SIGINT: SIG_DFL, sa_mask[0]=0x00000000, sa_flags=0x00000000
SIGTERM: SIG_DFL, sa_mask[0]=0x00000000, sa_flags=0x00000000
SIGQUIT: SIG_DFL, sa_mask[0]=0x00000000, sa_flags=0x00000000


---------------  S Y S T E M  ---------------

OS:Ubuntu 12.04 (precise)
uname:Linux 3.2.0-29-generic-pae #46-Ubuntu SMP Fri Jul 27 17:25:43 UTC 2012 i686
libc:glibc 2.15 NPTL 2.15 
rlimit: STACK 8192k, CORE 0k, NPROC 30491, NOFILE 4096, AS infinity
load average:0.11 0.19 0.22

/proc/meminfo:
MemTotal:        3917468 kB
MemFree:          267552 kB
Buffers:          185204 kB
Cached:          1933264 kB
SwapCached:            0 kB
Active:          2070020 kB
Inactive:        1454776 kB
Active(anon):    1428296 kB
Inactive(anon):   169496 kB
Active(file):     641724 kB
Inactive(file):  1285280 kB
Unevictable:          16 kB
Mlocked:              16 kB
HighTotal:       3075156 kB
HighFree:          45340 kB
LowTotal:         842312 kB
LowFree:          222212 kB
SwapTotal:       3997692 kB
SwapFree:        3997692 kB
Dirty:               108 kB
Writeback:             4 kB
AnonPages:       1406268 kB
Mapped:           170584 kB
Shmem:            191468 kB
Slab:              85516 kB
SReclaimable:      67420 kB
SUnreclaim:        18096 kB
KernelStack:        3648 kB
PageTables:        12880 kB
NFS_Unstable:          0 kB
Bounce:                0 kB
WritebackTmp:          0 kB
CommitLimit:     5956424 kB
Committed_AS:    4364584 kB
VmallocTotal:     122880 kB
VmallocUsed:       17232 kB
VmallocChunk:     103404 kB
HardwareCorrupted:     0 kB
AnonHugePages:         0 kB
HugePages_Total:       0
HugePages_Free:        0
HugePages_Rsvd:        0
HugePages_Surp:        0
Hugepagesize:       2048 kB
DirectMap4k:       10232 kB
DirectMap2M:      903168 kB


CPU:total 4 (2 cores per cpu, 2 threads per core) family 6 model 37 stepping 5, cmov, cx8, fxsr, mmx, sse, sse2, sse3, ssse3, sse4.1, sse4.2, popcnt, ht

Memory: 4k page, physical 3917468k(267552k free), swap 3997692k(3997692k free)

vm_info: OpenJDK Server VM (20.0-b12) for linux-x86 JRE (1.6.0_24-b24), built on Sep  1 2012 19:13:49 by "buildd" with gcc 4.6.3

time: Sun Nov 18 15:41:26 2012
elapsed time: 0 seconds

